<?xml version="1.0" encoding="UTF-8"?>
<testsuite name="com.example.pix.dto.AgendamentoRequestDTOTest" tests="4" skipped="0" failures="0" errors="0" timestamp="2025-10-27T14:21:52.044Z" hostname="ERIC" time="0.059">
  <properties/>
  <testcase name="deveDetectarCamposEmBranco()" classname="com.example.pix.dto.AgendamentoRequestDTOTest" time="0.017"/>
  <testcase name="deveDetectarValorMenorQuePermitido()" classname="com.example.pix.dto.AgendamentoRequestDTOTest" time="0.03"/>
  <testcase name="deveDetectarCamposObrigatoriosNulosOuEmBranco()" classname="com.example.pix.dto.AgendamentoRequestDTOTest" time="0.005"/>
  <testcase name="deveValidarDTOComDadosCorretos()" classname="com.example.pix.dto.AgendamentoRequestDTOTest" time="0.006"/>
  <system-out><![CDATA[]]></system-out>
  <system-err><![CDATA[]]></system-err>
</testsuite>
