<?xml version="1.0" encoding="UTF-8"?>
<testsuite name="com.example.pix.dto.AgendamentoResponseDTOTest" tests="2" skipped="0" failures="0" errors="0" timestamp="2025-10-27T14:21:52.104Z" hostname="ERIC" time="0.001">
  <properties/>
  <testcase name="deveUsarConstrutorSemArgumentosESetters()" classname="com.example.pix.dto.AgendamentoResponseDTOTest" time="0.0"/>
  <testcase name="deveUsarConstrutorComArgumentos()" classname="com.example.pix.dto.AgendamentoResponseDTOTest" time="0.001"/>
  <system-out><![CDATA[]]></system-out>
  <system-err><![CDATA[]]></system-err>
</testsuite>
