<?xml version="1.0" encoding="UTF-8"?>
<testsuite name="com.example.pix.controller.AuditoriaControllerTest" tests="4" skipped="0" failures="0" errors="0" timestamp="2025-10-27T14:21:51.977Z" hostname="ERIC" time="0.055">
  <properties/>
  <testcase name="deveListarAuditoriasPorAgendamento()" classname="com.example.pix.controller.AuditoriaControllerTest" time="0.035"/>
  <testcase name="deveListarAuditoriasPorAgendamentoEEvento()" classname="com.example.pix.controller.AuditoriaControllerTest" time="0.006"/>
  <testcase name="deveListarAuditoriasPorEvento()" classname="com.example.pix.controller.AuditoriaControllerTest" time="0.004"/>
  <testcase name="deveListarTodasAuditorias()" classname="com.example.pix.controller.AuditoriaControllerTest" time="0.006"/>
  <system-out><![CDATA[2025-10-27T11:21:51.666-03:00  INFO 3720 --- [    Test worker] t.c.s.AnnotationConfigContextLoaderUtils : Could not detect default configuration classes for test class [com.example.pix.controller.AuditoriaControllerTest]: AuditoriaControllerTest does not declare any static, non-private, non-final, nested classes annotated with @Configuration.
2025-10-27T11:21:51.671-03:00  INFO 3720 --- [    Test worker] .b.t.c.SpringBootTestContextBootstrapper : Found @SpringBootConfiguration com.example.pix.PixApplication for test class com.example.pix.controller.AuditoriaControllerTest

  .   ____          _            __ _ _
 /\\ / ___'_ __ _ _(_)_ __  __ _ \ \ \ \
( ( )\___ | '_ | '_| | '_ \/ _` | \ \ \ \
 \\/  ___)| |_)| | | | | || (_| |  ) ) ) )
  '  |____| .__|_| |_|_| |_\__, | / / / /
 =========|_|==============|___/=/_/_/_/
 :: Spring Boot ::                (v3.1.4)

2025-10-27T11:21:51.698-03:00  INFO 3720 --- [    Test worker] c.e.p.c.AuditoriaControllerTest          : Starting AuditoriaControllerTest using Java 21.0.2 with PID 3720 (started by ericb in C:\Users\ericb\git\pix-antifraud-project-gradle\pix-project)
2025-10-27T11:21:51.698-03:00  INFO 3720 --- [    Test worker] c.e.p.c.AuditoriaControllerTest          : No active profile set, falling back to 1 default profile: "default"
2025-10-27T11:21:51.970-03:00  INFO 3720 --- [    Test worker] o.s.b.t.m.w.SpringBootMockServletContext : Initializing Spring TestDispatcherServlet ''
2025-10-27T11:21:51.971-03:00  INFO 3720 --- [    Test worker] o.s.t.web.servlet.TestDispatcherServlet  : Initializing Servlet ''
2025-10-27T11:21:51.971-03:00  INFO 3720 --- [    Test worker] o.s.t.web.servlet.TestDispatcherServlet  : Completed initialization in 0 ms
2025-10-27T11:21:51.974-03:00  INFO 3720 --- [    Test worker] c.e.p.c.AuditoriaControllerTest          : Started AuditoriaControllerTest in 0.299 seconds (process running for 3.379)
]]></system-out>
  <system-err><![CDATA[]]></system-err>
</testsuite>
