<?xml version="1.0" encoding="UTF-8"?>
<testsuite name="com.example.antifraud.service.impl.AntiFraudServiceImplTest" tests="5" skipped="0" failures="0" errors="0" timestamp="2025-10-27T14:21:41.674Z" hostname="ERIC" time="0.006">
  <properties/>
  <testcase name="deveRejeitarTransacaoComMesmaChave()" classname="com.example.antifraud.service.impl.AntiFraudServiceImplTest" time="0.003"/>
  <testcase name="deveRejeitarChavesPixCurta()" classname="com.example.antifraud.service.impl.AntiFraudServiceImplTest" time="0.001"/>
  <testcase name="deveRejeitarTransacaoComMoedaInvalida()" classname="com.example.antifraud.service.impl.AntiFraudServiceImplTest" time="0.0"/>
  <testcase name="deveAprovarTransacaoValida()" classname="com.example.antifraud.service.impl.AntiFraudServiceImplTest" time="0.0"/>
  <testcase name="deveSolicitarRevisaoManualParaValorAlto()" classname="com.example.antifraud.service.impl.AntiFraudServiceImplTest" time="0.0"/>
  <system-out><![CDATA[]]></system-out>
  <system-err><![CDATA[]]></system-err>
</testsuite>
