<?xml version="1.0" encoding="UTF-8"?>
<testsuite name="com.example.antifraud.dto.AnaliseFraudeResponseTest" tests="4" skipped="0" failures="0" errors="0" timestamp="2025-10-27T14:21:41.663Z" hostname="ERIC" time="0.01">
  <properties/>
  <testcase name="deveTestarEqualsEHashCode()" classname="com.example.antifraud.dto.AnaliseFraudeResponseTest" time="0.006"/>
  <testcase name="deveCriarObjetoComConstrutorCompleto()" classname="com.example.antifraud.dto.AnaliseFraudeResponseTest" time="0.001"/>
  <testcase name="deveCriarObjetoComConstrutorVazioESetters()" classname="com.example.antifraud.dto.AnaliseFraudeResponseTest" time="0.001"/>
  <testcase name="deveTestarToString()" classname="com.example.antifraud.dto.AnaliseFraudeResponseTest" time="0.001"/>
  <system-out><![CDATA[]]></system-out>
  <system-err><![CDATA[]]></system-err>
</testsuite>
